# JRE version: OpenJDK Runtime Environment (8.0_151-b12) (build 1.8.0_151-8u151-b12-0ubuntu0.16.04.2-b12)
# Java VM: OpenJDK 64-Bit Server VM (25.151-b12 mixed mode linux-amd64 compressed oops)
Heap:
 PSYoungGen      total 82432K, used 34263K [0x00000000f8000000, 0x00000000fed80000, 0x0000000100000000)
  eden space 71168K, 32% used [0x00000000f8000000,0x00000000f96e4940,0x00000000fc580000)
  from space 11264K, 96% used [0x00000000fc800000,0x00000000fd2914f8,0x00000000fd300000)
  to   space 20480K, 0% used [0x00000000fd980000,0x00000000fd980000,0x00000000fed80000)
 ParOldGen       total 56320K, used 23660K [0x00000000e8000000, 0x00000000eb700000, 0x00000000f8000000)
  object space 56320K, 42% used [0x00000000e8000000,0x00000000e971b278,0x00000000eb700000)
 Metaspace       used 72377K, capacity 76960K, committed 77144K, reserved 1118208K
  class space    used 8009K, capacity 9258K, committed 9344K, reserved 1048576K
GC Heap History (10 events):
Event: 2508,631 GC heap before
{Heap before GC invocations=42 (full 11):
 PSYoungGen      total 105472K, used 92379K [0x00000000f8000000, 0x00000000ffc80000, 0x0000000100000000)
  eden space 84480K, 100% used [0x00000000f8000000,0x00000000fd280000,0x00000000fd280000)
  from space 20992K, 37% used [0x00000000fe800000,0x00000000fefb6da0,0x00000000ffc80000)
  to   space 21504K, 0% used [0x00000000fd280000,0x00000000fd280000,0x00000000fe780000)
 ParOldGen       total 56320K, used 23628K [0x00000000e8000000, 0x00000000eb700000, 0x00000000f8000000)
  object space 56320K, 41% used [0x00000000e8000000,0x00000000e9713278,0x00000000eb700000)
 Metaspace       used 66883K, capacity 71324K, committed 71640K, reserved 1112064K
  class space    used 7428K, capacity 8607K, committed 8704K, reserved 1048576K
Event: 2508,657 GC heap after
Heap after GC invocations=42 (full 11):
 PSYoungGen      total 90112K, used 8667K [0x00000000f8000000, 0x00000000ff680000, 0x0000000100000000)
  eden space 81408K, 0% used [0x00000000f8000000,0x00000000f8000000,0x00000000fcf80000)
  from space 8704K, 99% used [0x00000000fd280000,0x00000000fdaf6fe8,0x00000000fdb00000)
  to   space 19968K, 0% used [0x00000000fe300000,0x00000000fe300000,0x00000000ff680000)
 ParOldGen       total 56320K, used 23636K [0x00000000e8000000, 0x00000000eb700000, 0x00000000f8000000)
  object space 56320K, 41% used [0x00000000e8000000,0x00000000e9715278,0x00000000eb700000)
 Metaspace       used 66883K, capacity 71324K, committed 71640K, reserved 1112064K
  class space    used 7428K, capacity 8607K, committed 8704K, reserved 1048576K
}
Event: 2886,232 GC heap before
{Heap before GC invocations=43 (full 11):
 PSYoungGen      total 90112K, used 90075K [0x00000000f8000000, 0x00000000ff680000, 0x0000000100000000)
  eden space 81408K, 100% used [0x00000000f8000000,0x00000000fcf80000,0x00000000fcf80000)
  from space 8704K, 99% used [0x00000000fd280000,0x00000000fdaf6fe8,0x00000000fdb00000)
  to   space 19968K, 0% used [0x00000000fe300000,0x00000000fe300000,0x00000000ff680000)
 ParOldGen       total 56320K, used 23636K [0x00000000e8000000, 0x00000000eb700000, 0x00000000f8000000)
  object space 56320K, 41% used [0x00000000e8000000,0x00000000e9715278,0x00000000eb700000)
 Metaspace       used 69788K, capacity 74202K, committed 74456K, reserved 1114112K
  class space    used 7781K, capacity 8952K, committed 8960K, reserved 1048576K
Event: 2886,323 GC heap after
Heap after GC invocations=43 (full 11):
 PSYoungGen      total 98816K, used 14238K [0x00000000f8000000, 0x00000000ff700000, 0x0000000100000000)
  eden space 78848K, 0% used [0x00000000f8000000,0x00000000f8000000,0x00000000fcd00000)
  from space 19968K, 71% used [0x00000000fe300000,0x00000000ff0e7a40,0x00000000ff680000)
  to   space 21504K, 0% used [0x00000000fcd00000,0x00000000fcd00000,0x00000000fe200000)
 ParOldGen       total 56320K, used 23644K [0x00000000e8000000, 0x00000000eb700000, 0x00000000f8000000)
  object space 56320K, 41% used [0x00000000e8000000,0x00000000e9717278,0x00000000eb700000)
 Metaspace       used 69788K, capacity 74202K, committed 74456K, reserved 1114112K
  class space    used 7781K, capacity 8952K, committed 8960K, reserved 1048576K
}
Event: 3020,649 GC heap before
{Heap before GC invocations=44 (full 11):
 PSYoungGen      total 98816K, used 93086K [0x00000000f8000000, 0x00000000ff700000, 0x0000000100000000)
  eden space 78848K, 100% used [0x00000000f8000000,0x00000000fcd00000,0x00000000fcd00000)
  from space 19968K, 71% used [0x00000000fe300000,0x00000000ff0e7a40,0x00000000ff680000)
  to   space 21504K, 0% used [0x00000000fcd00000,0x00000000fcd00000,0x00000000fe200000)
 ParOldGen       total 56320K, used 23644K [0x00000000e8000000, 0x00000000eb700000, 0x00000000f8000000)
  object space 56320K, 41% used [0x00000000e8000000,0x00000000e9717278,0x00000000eb700000)
 Metaspace       used 69981K, capacity 74330K, committed 74456K, reserved 1114112K
  class space    used 7788K, capacity 8952K, committed 8960K, reserved 1048576K
Event: 3020,715 GC heap after
Heap after GC invocations=44 (full 11):
 PSYoungGen      total 87040K, used 10395K [0x00000000f8000000, 0x00000000ff280000, 0x0000000100000000)
  eden space 76288K, 0% used [0x00000000f8000000,0x00000000f8000000,0x00000000fca80000)
  from space 10752K, 96% used [0x00000000fcd00000,0x00000000fd726e10,0x00000000fd780000)
  to   space 20480K, 0% used [0x00000000fde80000,0x00000000fde80000,0x00000000ff280000)
 ParOldGen       total 56320K, used 23652K [0x00000000e8000000, 0x00000000eb700000, 0x00000000f8000000)
  object space 56320K, 41% used [0x00000000e8000000,0x00000000e9719278,0x00000000eb700000)
 Metaspace       used 69981K, capacity 74330K, committed 74456K, reserved 1114112K
  class space    used 7788K, capacity 8952K, committed 8960K, reserved 1048576K
}
Event: 3109,092 GC heap before
{Heap before GC invocations=45 (full 11):
 PSYoungGen      total 87040K, used 86683K [0x00000000f8000000, 0x00000000ff280000, 0x0000000100000000)
  eden space 76288K, 100% used [0x00000000f8000000,0x00000000fca80000,0x00000000fca80000)
  from space 10752K, 96% used [0x00000000fcd00000,0x00000000fd726e10,0x00000000fd780000)
  to   space 20480K, 0% used [0x00000000fde80000,0x00000000fde80000,0x00000000ff280000)
 ParOldGen       total 56320K, used 23652K [0x00000000e8000000, 0x00000000eb700000, 0x00000000f8000000)
  object space 56320K, 41% used [0x00000000e8000000,0x00000000e9719278,0x00000000eb700000)
 Metaspace       used 71779K, capacity 76188K, committed 76248K, reserved 1116160K
  class space    used 7980K, capacity 9190K, committed 9216K, reserved 1048576K
Event: 3109,160 GC heap after
Heap after GC invocations=45 (full 11):
 PSYoungGen      total 92672K, used 12779K [0x00000000f8000000, 0x00000000ff100000, 0x0000000100000000)
  eden space 73728K, 0% used [0x00000000f8000000,0x00000000f8000000,0x00000000fc800000)
  from space 18944K, 67% used [0x00000000fde80000,0x00000000feafadc0,0x00000000ff100000)
  to   space 20992K, 0% used [0x00000000fc800000,0x00000000fc800000,0x00000000fdc80000)
 ParOldGen       total 56320K, used 23660K [0x00000000e8000000, 0x00000000eb700000, 0x00000000f8000000)
  object space 56320K, 42% used [0x00000000e8000000,0x00000000e971b278,0x00000000eb700000)
 Metaspace       used 71779K, capacity 76188K, committed 76248K, reserved 1116160K
  class space    used 7980K, capacity 9190K, committed 9216K, reserved 1048576K
}
Event: 3869,239 GC heap before
{Heap before GC invocations=46 (full 11):
 PSYoungGen      total 92672K, used 86507K [0x00000000f8000000, 0x00000000ff100000, 0x0000000100000000)
  eden space 73728K, 100% used [0x00000000f8000000,0x00000000fc800000,0x00000000fc800000)
  from space 18944K, 67% used [0x00000000fde80000,0x00000000feafadc0,0x00000000ff100000)
  to   space 20992K, 0% used [0x00000000fc800000,0x00000000fc800000,0x00000000fdc80000)
 ParOldGen       total 56320K, used 23660K [0x00000000e8000000, 0x00000000eb700000, 0x00000000f8000000)
  object space 56320K, 42% used [0x00000000e8000000,0x00000000e971b278,0x00000000eb700000)
 Metaspace       used 72111K, capacity 76572K, committed 76760K, reserved 1116160K
  class space    used 7987K, capacity 9190K, committed 9216K, reserved 1048576K
Event: 3869,278 GC heap after
Heap after GC invocations=46 (full 11):
 PSYoungGen      total 82432K, used 10821K [0x00000000f8000000, 0x00000000fed80000, 0x0000000100000000)
  eden space 71168K, 0% used [0x00000000f8000000,0x00000000f8000000,0x00000000fc580000)
  from space 11264K, 96% used [0x00000000fc800000,0x00000000fd2914f8,0x00000000fd300000)
  to   space 20480K, 0% used [0x00000000fd980000,0x00000000fd980000,0x00000000fed80000)
 ParOldGen       total 56320K, used 23660K [0x00000000e8000000, 0x00000000eb700000, 0x00000000f8000000)
  object space 56320K, 42% used [0x00000000e8000000,0x00000000e971b278,0x00000000eb700000)
 Metaspace       used 72111K, capacity 76572K, committed 76760K, reserved 1116160K
  class space    used 7987K, capacity 9190K, committed 9216K, reserved 1048576K
}

